<?xml version="1.0" encoding="UTF-8"?>
<!-- Generated by org.testng.reporters.JUnitXMLReporter -->
<testsuite ignored="8" hostname="rganjare" failures="0" tests="5" name="Test" time="45.827" errors="0" timestamp="2024-07-18T00:21:49 BST">
  <testcase classname="com.companyname.projectname.module.testBase.TestBase" name="@BeforeClass getTestCaseName" time="0.0">
    <skipped/>
  </testcase> <!-- @BeforeClass getTestCaseName -->
  <testcase classname="com.companyname.projectname.module.testBase.TestBase" name="@BeforeMethod launchBrowser" time="-1.721258480176E9">
    <skipped/>
  </testcase> <!-- @BeforeMethod launchBrowser -->
  <testcase classname="com.companyname.projectname.module.testBase.TestBase" name="@AfterMethod CloseBrowser" time="-1.721258480176E9">
    <skipped/>
  </testcase> <!-- @AfterMethod CloseBrowser -->
  <testcase classname="com.companyname.projectname.module.testBase.TestBase" name="@BeforeClass getTestCaseName" time="0.0">
    <skipped/>
  </testcase> <!-- @BeforeClass getTestCaseName -->
  <testcase classname="com.companyname.projectname.module.testBase.TestBase" name="@BeforeMethod launchBrowser" time="-1.721258495362E9">
    <skipped/>
  </testcase> <!-- @BeforeMethod launchBrowser -->
  <testcase classname="com.companyname.projectname.module.testBase.TestBase" name="@AfterMethod CloseBrowser" time="-1.721258495362E9">
    <skipped/>
  </testcase> <!-- @AfterMethod CloseBrowser -->
  <testcase classname="com.companyname.projectname.module.testcases.RegisterUser" name="registerUser" time="8.008"/>
  <testcase classname="com.companyname.projectname.module.testcases.RegisterUser1" name="registerUser1" time="0.0">
    <skipped/>
  </testcase> <!-- registerUser1 -->
  <testcase classname="com.companyname.projectname.module.testcases.RegisterUser2" name="registerUser2" time="8.331"/>
  <testcase classname="com.companyname.projectname.module.testcases.RegisterUser3" name="registerUser3" time="0.0">
    <skipped/>
  </testcase> <!-- registerUser3 -->
  <testcase classname="com.companyname.projectname.module.testcases.RegisterUser4" name="registerUser4" time="7.263"/>
  <testcase classname="com.companyname.projectname.module.testBase.TestBase" name="@BeforeSuite init" time="0.0">
    <ignored/>
  </testcase> <!-- @BeforeSuite init -->
  <testcase classname="com.companyname.projectname.module.testBase.TestBase" name="@BeforeSuite init" time="0.0">
    <ignored/>
  </testcase> <!-- @BeforeSuite init -->
  <testcase classname="com.companyname.projectname.module.testBase.TestBase" name="@BeforeSuite init" time="0.0">
    <ignored/>
  </testcase> <!-- @BeforeSuite init -->
  <testcase classname="com.companyname.projectname.module.testBase.TestBase" name="@BeforeSuite init" time="0.0">
    <ignored/>
  </testcase> <!-- @BeforeSuite init -->
  <testcase classname="com.companyname.projectname.module.testBase.TestBase" name="@AfterSuite CloseReporter" time="0.0">
    <ignored/>
  </testcase> <!-- @AfterSuite CloseReporter -->
  <testcase classname="com.companyname.projectname.module.testBase.TestBase" name="@AfterSuite CloseReporter" time="0.0">
    <ignored/>
  </testcase> <!-- @AfterSuite CloseReporter -->
  <testcase classname="com.companyname.projectname.module.testBase.TestBase" name="@AfterSuite CloseReporter" time="0.0">
    <ignored/>
  </testcase> <!-- @AfterSuite CloseReporter -->
  <testcase classname="com.companyname.projectname.module.testBase.TestBase" name="@AfterSuite CloseReporter" time="0.0">
    <ignored/>
  </testcase> <!-- @AfterSuite CloseReporter -->
</testsuite> <!-- Test -->
