<?xml version="1.0" encoding="UTF-8"?>
<testsuite name="TestSuite" time="23.613" tests="11" errors="0" skipped="8" failures="0">
  <properties>
[...]
</properties>
  <testcase name="registerUser" classname="com.companyname.projectname.module.testcases.RegisterUser" time="8.019"/>
  <testcase name="getTestCaseName" classname="com.companyname.projectname.module.testcases.RegisterUser1" time="0">
    <skipped/>
    <system-out><![CDATA[Browser Closed
]]></system-out>
  </testcase>
  <testcase name="launchBrowser" classname="com.companyname.projectname.module.testcases.RegisterUser1" time="0">
    <skipped/>
    <system-out><![CDATA[RegisterUser1 test case starts from row number :- 5
Total number of columns are:- 12
Total number of iterations/rows are :- 1
***************************************************

----{DDB_Day=20, SignupText=New User Signup!, EnterAcctInfo=ENTER ACCOUNT INFORMATION, Name=Shivam, DDB_Month=March, Address=pqrst, PINCode=453674, PageTitle=Automation Exercise, DDB_Year=1995, City=Mumbai, Mobile_No=345435353, Email_Address=test@gmail.com}
]]></system-out>
  </testcase>
  <testcase name="registerUser1" classname="com.companyname.projectname.module.testcases.RegisterUser1" time="0">
    <skipped/>
  </testcase>
  <testcase name="CloseBrowser" classname="com.companyname.projectname.module.testcases.RegisterUser1" time="0">
    <skipped/>
  </testcase>
  <testcase name="registerUser2" classname="com.companyname.projectname.module.testcases.RegisterUser2" time="8.331"/>
  <testcase name="getTestCaseName" classname="com.companyname.projectname.module.testcases.RegisterUser3" time="0">
    <skipped/>
    <system-out><![CDATA[Browser Closed
]]></system-out>
  </testcase>
  <testcase name="launchBrowser" classname="com.companyname.projectname.module.testcases.RegisterUser3" time="0">
    <skipped/>
    <system-out><![CDATA[RegisterUser3 test case starts from row number :- 13
Total number of columns are:- 12
Total number of iterations/rows are :- 1
***************************************************

----{DDB_Day=20, SignupText=New User Signup!, EnterAcctInfo=ENTER ACCOUNT INFORMATION, Name=Shital, DDB_Month=March, Address=pqrst, PINCode=453674, PageTitle=Automation Exercise, DDB_Year=1995, City=Mumbai, Mobile_No=345435353, Email_Address=shital@gmail.com}
]]></system-out>
  </testcase>
  <testcase name="registerUser3" classname="com.companyname.projectname.module.testcases.RegisterUser3" time="0">
    <skipped/>
  </testcase>
  <testcase name="CloseBrowser" classname="com.companyname.projectname.module.testcases.RegisterUser3" time="0">
    <skipped/>
  </testcase>
  <testcase name="registerUser4" classname="com.companyname.projectname.module.testcases.RegisterUser4" time="7.263"/>
</testsuite>