<?xml version="1.0" encoding="UTF-8"?>
<testsuite name="TestSuite" time="32.86" tests="8" errors="0" skipped="4" failures="1">
  <properties>
[...]
</properties>
  <testcase name="registerUser" classname="com.companyname.projectname.module.testcases.RegisterUser" time="5.841"/>
  <testcase name="registerUser1" classname="com.companyname.projectname.module.testcases.RegisterUser1" time="13.139">
    <failure message="no such element: Unable to locate element: {&quot;method&quot;:&quot;xpath&quot;,&quot;selector&quot;:&quot;//*[text()=&quot;Enter Account Information&quot;]&quot;}&#10;  (Session info: chrome=124.0.6367.209)&#10;For documentation on this error, please visit: https://www.selenium.dev/documentation/webdriver/troubleshooting/errors#no-such-element-exception&#10;Build info: version: &apos;4.18.1&apos;, revision: &apos;b1d3319b48&apos;&#10;System info: os.name: &apos;Windows 10&apos;, os.arch: &apos;amd64&apos;, os.version: &apos;10.0&apos;, java.version: &apos;16.0.2&apos;&#10;Driver info: org.openqa.selenium.chrome.ChromeDriver&#10;Command: [cc243d6b1bebe6373aeb571f50592315, findElement {using=xpath, value=//*[text()=&quot;Enter Account Information&quot;]}]&#10;Capabilities {acceptInsecureCerts: false, browserName: chrome, browserVersion: 124.0.6367.209, chrome: {chromedriverVersion: 124.0.6367.207 (a9001a6e39f..., userDataDir: C:\Users\rahul\AppData\Loca...}, fedcm:accounts: true, goog:chromeOptions: {debuggerAddress: localhost:53190}, networkConnectionEnabled: false, pageLoadStrategy: normal, platformName: windows, proxy: Proxy(), se:cdp: ws://localhost:53190/devtoo..., se:cdpVersion: 124.0.6367.209, setWindowRect: true, strictFileInteractability: false, timeouts: {implicit: 0, pageLoad: 300000, script: 30000}, unhandledPromptBehavior: dismiss and notify, webauthn:extension:credBlob: true, webauthn:extension:largeBlob: true, webauthn:extension:minPinLength: true, webauthn:extension:prf: true, webauthn:virtualAuthenticators: true}&#10;Session ID: cc243d6b1bebe6373aeb571f50592315" type="org.openqa.selenium.NoSuchElementException">org.openqa.selenium.NoSuchElementException: no such element: Unable to locate element: {"method":"xpath","selector":"//*[text()="Enter Account Information"]"}
  (Session info: chrome=124.0.6367.209)
For documentation on this error, please visit: https://www.selenium.dev/documentation/webdriver/troubleshooting/errors#no-such-element-exception
Build info: version: '4.18.1', revision: 'b1d3319b48'
System info: os.name: 'Windows 10', os.arch: 'amd64', os.version: '10.0', java.version: '16.0.2'
Driver info: org.openqa.selenium.chrome.ChromeDriver
Command: [cc243d6b1bebe6373aeb571f50592315, findElement {using=xpath, value=//*[text()="Enter Account Information"]}]
Capabilities {acceptInsecureCerts: false, browserName: chrome, browserVersion: 124.0.6367.209, chrome: {chromedriverVersion: 124.0.6367.207 (a9001a6e39f..., userDataDir: C:\Users\rahul\AppData\Loca...}, fedcm:accounts: true, goog:chromeOptions: {debuggerAddress: localhost:53190}, networkConnectionEnabled: false, pageLoadStrategy: normal, platformName: windows, proxy: Proxy(), se:cdp: ws://localhost:53190/devtoo..., se:cdpVersion: 124.0.6367.209, setWindowRect: true, strictFileInteractability: false, timeouts: {implicit: 0, pageLoad: 300000, script: 30000}, unhandledPromptBehavior: dismiss and notify, webauthn:extension:credBlob: true, webauthn:extension:largeBlob: true, webauthn:extension:minPinLength: true, webauthn:extension:prf: true, webauthn:virtualAuthenticators: true}
Session ID: cc243d6b1bebe6373aeb571f50592315
	at java.base/jdk.internal.reflect.NativeConstructorAccessorImpl.newInstance0(Native Method)
	at java.base/jdk.internal.reflect.NativeConstructorAccessorImpl.newInstance(NativeConstructorAccessorImpl.java:78)
	at java.base/jdk.internal.reflect.DelegatingConstructorAccessorImpl.newInstance(DelegatingConstructorAccessorImpl.java:45)
	at java.base/java.lang.reflect.Constructor.newInstanceWithCaller(Constructor.java:499)
	at java.base/java.lang.reflect.Constructor.newInstance(Constructor.java:480)
	at org.openqa.selenium.remote.ErrorCodec.decode(ErrorCodec.java:167)
	at org.openqa.selenium.remote.codec.w3c.W3CHttpResponseCodec.decode(W3CHttpResponseCodec.java:138)
	at org.openqa.selenium.remote.codec.w3c.W3CHttpResponseCodec.decode(W3CHttpResponseCodec.java:50)
	at org.openqa.selenium.remote.HttpCommandExecutor.execute(HttpCommandExecutor.java:190)
	at org.openqa.selenium.remote.service.DriverCommandExecutor.invokeExecute(DriverCommandExecutor.java:216)
	at org.openqa.selenium.remote.service.DriverCommandExecutor.execute(DriverCommandExecutor.java:174)
	at org.openqa.selenium.remote.RemoteWebDriver.execute(RemoteWebDriver.java:519)
	at org.openqa.selenium.remote.ElementLocation$ElementFinder$2.findElement(ElementLocation.java:165)
	at org.openqa.selenium.remote.ElementLocation.findElement(ElementLocation.java:59)
	at org.openqa.selenium.remote.RemoteWebDriver.findElement(RemoteWebDriver.java:356)
	at org.openqa.selenium.remote.RemoteWebDriver.findElement(RemoteWebDriver.java:350)
	at com.companyname.projectname.module.utilities.CommonMethods.isElementPresent(CommonMethods.java:37)
	at com.companyname.projectname.module.utilities.CommonMethods.verifyText(CommonMethods.java:48)
	at com.companyname.projectname.module.testcases.RegisterUser1.registerUser1(RegisterUser1.java:30)
</failure>
    <system-out><![CDATA[Browser Closed
RegisterUser1 test case starts from row number :- 5
Total number of columns are:- 12
Total number of iterations/rows are :- 1
***************************************************

----{DDB_Day=20, SignupText=New User Signup!, EnterAcctInfo=ENTER ACCOUNT INFORMATION, Name=Shivam, DDB_Month=March, Address=pqrst, PINCode=453674, PageTitle=Automation Exercise, DDB_Year=1995, City=Mumbai, Mobile_No=345435353, Email_Address=test@gmail.com}
ChromeDriver is launched
User Navigated to the homepage Automation Exercise
User Clicked on signUp
New User Signup! text is verifyed
User entered Shivam
User entered test@gmail.com
User Clicked on signUpBtn
]]></system-out>
    <system-err><![CDATA[May 18, 2024 6:47:21 AM org.openqa.selenium.devtools.CdpVersionFinder findNearestMatch
WARNING: Unable to find an exact match for CDP version 124, returning the closest version; found: 122; Please update to a Selenium version that supports CDP version 124
]]></system-err>
  </testcase>
  <testcase name="registerUser2" classname="com.companyname.projectname.module.testcases.RegisterUser2" time="7.801"/>
  <testcase name="registerUser3" classname="com.companyname.projectname.module.testcases.RegisterUser3" time="6.079"/>
  <testcase name="getTestCaseName" classname="com.companyname.projectname.module.testcases.RegisterUser4" time="0">
    <skipped/>
    <system-out><![CDATA[Browser Closed
]]></system-out>
  </testcase>
  <testcase name="launchBrowser" classname="com.companyname.projectname.module.testcases.RegisterUser4" time="0">
    <skipped/>
    <system-out><![CDATA[RegisterUser4 test case starts from row number :- 17
Total number of columns are:- 12
Total number of iterations/rows are :- 1
***************************************************

----{DDB_Day=20, SignupText=New User Signup!, EnterAcctInfo=ENTER ACCOUNT INFORMATION, Name=Mrudula, DDB_Month=March, Address=pqrst, PINCode=453674, PageTitle=Automation Exercise, DDB_Year=1995, City=Mumbai, Mobile_No=345435353, Email_Address=mrudula@gmail.com}
]]></system-out>
  </testcase>
  <testcase name="registerUser4" classname="com.companyname.projectname.module.testcases.RegisterUser4" time="0">
    <skipped/>
  </testcase>
  <testcase name="CloseBrowser" classname="com.companyname.projectname.module.testcases.RegisterUser4" time="0">
    <skipped/>
  </testcase>
</testsuite>