<?xml version="1.0" encoding="UTF-8"?>
<testng-results ignored="8" total="13" passed="3" failed="0" skipped="2">
  <reporter-output>
  </reporter-output>
  <suite started-at="2024-07-18T00:21:03 BST" name="Regression Suite" finished-at="2024-07-18T00:21:49 BST" duration-ms="45827">
    <groups>
    </groups>
    <test started-at="2024-07-18T00:21:03 BST" name="Test" finished-at="2024-07-18T00:21:49 BST" duration-ms="45827">
      <class name="com.companyname.projectname.module.testcases.RegisterUser">
        <test-method is-config="true" signature="init()[pri:0, instance:com.companyname.projectname.module.testcases.RegisterUser@1e178745]" started-at="2024-07-18T00:21:02 BST" name="init" finished-at="2024-07-18T00:21:03 BST" duration-ms="1489" status="PASS">
          <reporter-output>
          </reporter-output>
        </test-method> <!-- init -->
        <test-method is-config="true" signature="getTestCaseName()[pri:0, instance:com.companyname.projectname.module.testcases.RegisterUser@1e178745]" started-at="2024-07-18T00:21:03 BST" name="getTestCaseName" finished-at="2024-07-18T00:21:03 BST" duration-ms="7" status="PASS">
          <reporter-output>
          </reporter-output>
        </test-method> <!-- getTestCaseName -->
        <test-method is-config="true" signature="launchBrowser()[pri:0, instance:com.companyname.projectname.module.testcases.RegisterUser@1e178745]" started-at="2024-07-18T00:21:03 BST" name="launchBrowser" finished-at="2024-07-18T00:21:08 BST" duration-ms="4872" status="PASS">
          <reporter-output>
          </reporter-output>
        </test-method> <!-- launchBrowser -->
        <test-method signature="registerUser(java.util.Hashtable)[pri:0, instance:com.companyname.projectname.module.testcases.RegisterUser@1e178745]" started-at="2024-07-18T00:21:08 BST" name="registerUser" data-provider="data_Collection" finished-at="2024-07-18T00:21:16 BST" duration-ms="8008" status="PASS">
          <params>
            <param index="0">
              <value>
                <![CDATA[{DDB_Day=15, SignupText=New User Signup!, EnterAcctInfo=ENTER ACCOUNT INFORMATION, Name=BYMAT Automation, DDB_Month=June, Address=xyz, PINCode=453674, PageTitle=Automation Exercise, DDB_Year=1990, City=Pune, Mobile_No=78464647, Email_Address=training@bymatautomation.com}]]>
              </value>
            </param>
          </params>
          <reporter-output>
          </reporter-output>
        </test-method> <!-- registerUser -->
        <test-method is-config="true" signature="CloseBrowser()[pri:0, instance:com.companyname.projectname.module.testcases.RegisterUser@1e178745]" started-at="2024-07-18T00:21:16 BST" name="CloseBrowser" finished-at="2024-07-18T00:21:20 BST" duration-ms="3466" status="PASS">
          <reporter-output>
          </reporter-output>
        </test-method> <!-- CloseBrowser -->
        <test-method is-config="true" signature="CloseReporter()[pri:0, instance:com.companyname.projectname.module.testcases.RegisterUser@1e178745]" started-at="2024-07-18T00:21:49 BST" name="CloseReporter" finished-at="2024-07-18T00:21:50 BST" duration-ms="897" status="PASS">
          <reporter-output>
          </reporter-output>
        </test-method> <!-- CloseReporter -->
      </class> <!-- com.companyname.projectname.module.testcases.RegisterUser -->
      <class name="com.companyname.projectname.module.testcases.RegisterUser4">
        <test-method is-config="true" signature="getTestCaseName()[pri:0, instance:com.companyname.projectname.module.testcases.RegisterUser4@e4487af]" started-at="2024-07-18T00:21:35 BST" name="getTestCaseName" finished-at="2024-07-18T00:21:35 BST" duration-ms="0" status="PASS">
          <reporter-output>
          </reporter-output>
        </test-method> <!-- getTestCaseName -->
        <test-method is-config="true" signature="launchBrowser()[pri:0, instance:com.companyname.projectname.module.testcases.RegisterUser4@e4487af]" started-at="2024-07-18T00:21:35 BST" name="launchBrowser" finished-at="2024-07-18T00:21:38 BST" duration-ms="3553" status="PASS">
          <reporter-output>
          </reporter-output>
        </test-method> <!-- launchBrowser -->
        <test-method signature="registerUser4(java.util.Hashtable)[pri:0, instance:com.companyname.projectname.module.testcases.RegisterUser4@e4487af]" started-at="2024-07-18T00:21:38 BST" name="registerUser4" data-provider="data_Collection" finished-at="2024-07-18T00:21:46 BST" duration-ms="7263" status="PASS">
          <params>
            <param index="0">
              <value>
                <![CDATA[{DDB_Day=20, SignupText=New User Signup!, EnterAcctInfo=ENTER ACCOUNT INFORMATION, Name=Mrudula, DDB_Month=March, Address=pqrst, PINCode=453674, PageTitle=Automation Exercise, DDB_Year=1995, City=Mumbai, Mobile_No=345435353, Email_Address=mrudula@gmail.com}]]>
              </value>
            </param>
          </params>
          <reporter-output>
          </reporter-output>
        </test-method> <!-- registerUser4 -->
        <test-method is-config="true" signature="CloseBrowser()[pri:0, instance:com.companyname.projectname.module.testcases.RegisterUser4@e4487af]" started-at="2024-07-18T00:21:46 BST" name="CloseBrowser" finished-at="2024-07-18T00:21:49 BST" duration-ms="3399" status="PASS">
          <reporter-output>
          </reporter-output>
        </test-method> <!-- CloseBrowser -->
      </class> <!-- com.companyname.projectname.module.testcases.RegisterUser4 -->
      <class name="com.companyname.projectname.module.testcases.RegisterUser1">
        <test-method is-config="true" signature="getTestCaseName()[pri:0, instance:com.companyname.projectname.module.testcases.RegisterUser1@5c671d7f]" started-at="2024-07-18T00:21:20 BST" name="getTestCaseName" finished-at="2024-07-18T00:21:20 BST" duration-ms="0" status="SKIP">
          <exception class="org.testng.SkipException">
            <message>
              <![CDATA[Skipping the Test case as it's Run mode is set to No]]>
            </message>
            <full-stacktrace>
              <![CDATA[org.testng.SkipException: Skipping the Test case as it's Run mode is set to No
at com.companyname.projectname.module.testBase.TestBase.getTestCaseName(TestBase.java:88)
at java.base/jdk.internal.reflect.NativeMethodAccessorImpl.invoke0(Native Method)
at java.base/jdk.internal.reflect.NativeMethodAccessorImpl.invoke(NativeMethodAccessorImpl.java:78)
at java.base/jdk.internal.reflect.DelegatingMethodAccessorImpl.invoke(DelegatingMethodAccessorImpl.java:43)
at java.base/java.lang.reflect.Method.invoke(Method.java:567)
at org.testng.internal.MethodInvocationHelper.invokeMethod(MethodInvocationHelper.java:133)
at org.testng.internal.MethodInvocationHelper.invokeMethodConsideringTimeout(MethodInvocationHelper.java:62)
at org.testng.internal.ConfigInvoker.invokeConfigurationMethod(ConfigInvoker.java:385)
at org.testng.internal.ConfigInvoker.invokeConfigurations(ConfigInvoker.java:321)
at org.testng.internal.TestMethodWorker.invokeBeforeClassMethods(TestMethodWorker.java:176)
at org.testng.internal.TestMethodWorker.run(TestMethodWorker.java:122)
at java.base/java.util.ArrayList.forEach(ArrayList.java:1511)
at org.testng.TestRunner.privateRun(TestRunner.java:794)
at org.testng.TestRunner.run(TestRunner.java:596)
at org.testng.SuiteRunner.runTest(SuiteRunner.java:377)
at org.testng.SuiteRunner.runSequentially(SuiteRunner.java:371)
at org.testng.SuiteRunner.privateRun(SuiteRunner.java:332)
at org.testng.SuiteRunner.run(SuiteRunner.java:276)
at org.testng.SuiteRunnerWorker.runSuite(SuiteRunnerWorker.java:53)
at org.testng.SuiteRunnerWorker.run(SuiteRunnerWorker.java:96)
at org.testng.TestNG.runSuitesSequentially(TestNG.java:1212)
at org.testng.TestNG.runSuitesLocally(TestNG.java:1134)
at org.testng.TestNG.runSuites(TestNG.java:1063)
at org.testng.TestNG.run(TestNG.java:1031)
at org.apache.maven.surefire.testng.TestNGExecutor.run(TestNGExecutor.java:295)
at org.apache.maven.surefire.testng.TestNGXmlTestSuite.execute(TestNGXmlTestSuite.java:84)
at org.apache.maven.surefire.testng.TestNGProvider.invoke(TestNGProvider.java:90)
at org.apache.maven.surefire.booter.ForkedBooter.invokeProviderInSameClassLoader(ForkedBooter.java:203)
at org.apache.maven.surefire.booter.ForkedBooter.runSuitesInProcess(ForkedBooter.java:155)
at org.apache.maven.surefire.booter.ForkedBooter.main(ForkedBooter.java:103)
]]>
            </full-stacktrace>
          </exception> <!-- org.testng.SkipException -->
          <reporter-output>
          </reporter-output>
        </test-method> <!-- getTestCaseName -->
        <test-method signature="registerUser1(java.util.Hashtable)[pri:0, instance:com.companyname.projectname.module.testcases.RegisterUser1@5c671d7f]" started-at="2024-07-18T00:21:20 BST" name="registerUser1" data-provider="data_Collection" finished-at="2024-07-18T00:21:20 BST" duration-ms="0" status="SKIP">
          <params>
            <param index="0">
              <value>
                <![CDATA[{DDB_Day=20, SignupText=New User Signup!, EnterAcctInfo=ENTER ACCOUNT INFORMATION, Name=Shivam, DDB_Month=March, Address=pqrst, PINCode=453674, PageTitle=Automation Exercise, DDB_Year=1995, City=Mumbai, Mobile_No=345435353, Email_Address=test@gmail.com}]]>
              </value>
            </param>
          </params>
          <exception class="org.testng.SkipException">
            <message>
              <![CDATA[Skipping the Test case as it's Run mode is set to No]]>
            </message>
            <full-stacktrace>
              <![CDATA[org.testng.SkipException: Skipping the Test case as it's Run mode is set to No
at com.companyname.projectname.module.testBase.TestBase.getTestCaseName(TestBase.java:88)
at java.base/jdk.internal.reflect.NativeMethodAccessorImpl.invoke0(Native Method)
at java.base/jdk.internal.reflect.NativeMethodAccessorImpl.invoke(NativeMethodAccessorImpl.java:78)
at java.base/jdk.internal.reflect.DelegatingMethodAccessorImpl.invoke(DelegatingMethodAccessorImpl.java:43)
at java.base/java.lang.reflect.Method.invoke(Method.java:567)
at org.testng.internal.MethodInvocationHelper.invokeMethod(MethodInvocationHelper.java:133)
at org.testng.internal.MethodInvocationHelper.invokeMethodConsideringTimeout(MethodInvocationHelper.java:62)
at org.testng.internal.ConfigInvoker.invokeConfigurationMethod(ConfigInvoker.java:385)
at org.testng.internal.ConfigInvoker.invokeConfigurations(ConfigInvoker.java:321)
at org.testng.internal.TestMethodWorker.invokeBeforeClassMethods(TestMethodWorker.java:176)
at org.testng.internal.TestMethodWorker.run(TestMethodWorker.java:122)
at java.base/java.util.ArrayList.forEach(ArrayList.java:1511)
at org.testng.TestRunner.privateRun(TestRunner.java:794)
at org.testng.TestRunner.run(TestRunner.java:596)
at org.testng.SuiteRunner.runTest(SuiteRunner.java:377)
at org.testng.SuiteRunner.runSequentially(SuiteRunner.java:371)
at org.testng.SuiteRunner.privateRun(SuiteRunner.java:332)
at org.testng.SuiteRunner.run(SuiteRunner.java:276)
at org.testng.SuiteRunnerWorker.runSuite(SuiteRunnerWorker.java:53)
at org.testng.SuiteRunnerWorker.run(SuiteRunnerWorker.java:96)
at org.testng.TestNG.runSuitesSequentially(TestNG.java:1212)
at org.testng.TestNG.runSuitesLocally(TestNG.java:1134)
at org.testng.TestNG.runSuites(TestNG.java:1063)
at org.testng.TestNG.run(TestNG.java:1031)
at org.apache.maven.surefire.testng.TestNGExecutor.run(TestNGExecutor.java:295)
at org.apache.maven.surefire.testng.TestNGXmlTestSuite.execute(TestNGXmlTestSuite.java:84)
at org.apache.maven.surefire.testng.TestNGProvider.invoke(TestNGProvider.java:90)
at org.apache.maven.surefire.booter.ForkedBooter.invokeProviderInSameClassLoader(ForkedBooter.java:203)
at org.apache.maven.surefire.booter.ForkedBooter.runSuitesInProcess(ForkedBooter.java:155)
at org.apache.maven.surefire.booter.ForkedBooter.main(ForkedBooter.java:103)
]]>
            </full-stacktrace>
          </exception> <!-- org.testng.SkipException -->
          <reporter-output>
          </reporter-output>
        </test-method> <!-- registerUser1 -->
        <test-method is-config="true" signature="CloseBrowser()[pri:0, instance:com.companyname.projectname.module.testcases.RegisterUser1@5c671d7f]" started-at="2024-07-18T00:21:20 BST" name="CloseBrowser" finished-at="1970-01-01T01:00:00 GMT" duration-ms="-1721258480176" status="SKIP">
          <reporter-output>
          </reporter-output>
        </test-method> <!-- CloseBrowser -->
        <test-method is-config="true" signature="launchBrowser()[pri:0, instance:com.companyname.projectname.module.testcases.RegisterUser1@5c671d7f]" started-at="2024-07-18T00:21:20 BST" name="launchBrowser" finished-at="1970-01-01T01:00:00 GMT" duration-ms="-1721258480176" status="SKIP">
          <reporter-output>
          </reporter-output>
        </test-method> <!-- launchBrowser -->
      </class> <!-- com.companyname.projectname.module.testcases.RegisterUser1 -->
      <class name="com.companyname.projectname.module.testcases.RegisterUser3">
        <test-method is-config="true" signature="launchBrowser()[pri:0, instance:com.companyname.projectname.module.testcases.RegisterUser3@687e99d8]" started-at="2024-07-18T00:21:35 BST" name="launchBrowser" finished-at="1970-01-01T01:00:00 GMT" duration-ms="-1721258495362" status="SKIP">
          <reporter-output>
          </reporter-output>
        </test-method> <!-- launchBrowser -->
        <test-method is-config="true" signature="getTestCaseName()[pri:0, instance:com.companyname.projectname.module.testcases.RegisterUser3@687e99d8]" started-at="2024-07-18T00:21:35 BST" name="getTestCaseName" finished-at="2024-07-18T00:21:35 BST" duration-ms="0" status="SKIP">
          <exception class="org.testng.SkipException">
            <message>
              <![CDATA[Skipping the Test case as it's Run mode is set to No]]>
            </message>
            <full-stacktrace>
              <![CDATA[org.testng.SkipException: Skipping the Test case as it's Run mode is set to No
at com.companyname.projectname.module.testBase.TestBase.getTestCaseName(TestBase.java:88)
at java.base/jdk.internal.reflect.NativeMethodAccessorImpl.invoke0(Native Method)
at java.base/jdk.internal.reflect.NativeMethodAccessorImpl.invoke(NativeMethodAccessorImpl.java:78)
at java.base/jdk.internal.reflect.DelegatingMethodAccessorImpl.invoke(DelegatingMethodAccessorImpl.java:43)
at java.base/java.lang.reflect.Method.invoke(Method.java:567)
at org.testng.internal.MethodInvocationHelper.invokeMethod(MethodInvocationHelper.java:133)
at org.testng.internal.MethodInvocationHelper.invokeMethodConsideringTimeout(MethodInvocationHelper.java:62)
at org.testng.internal.ConfigInvoker.invokeConfigurationMethod(ConfigInvoker.java:385)
at org.testng.internal.ConfigInvoker.invokeConfigurations(ConfigInvoker.java:321)
at org.testng.internal.TestMethodWorker.invokeBeforeClassMethods(TestMethodWorker.java:176)
at org.testng.internal.TestMethodWorker.run(TestMethodWorker.java:122)
at java.base/java.util.ArrayList.forEach(ArrayList.java:1511)
at org.testng.TestRunner.privateRun(TestRunner.java:794)
at org.testng.TestRunner.run(TestRunner.java:596)
at org.testng.SuiteRunner.runTest(SuiteRunner.java:377)
at org.testng.SuiteRunner.runSequentially(SuiteRunner.java:371)
at org.testng.SuiteRunner.privateRun(SuiteRunner.java:332)
at org.testng.SuiteRunner.run(SuiteRunner.java:276)
at org.testng.SuiteRunnerWorker.runSuite(SuiteRunnerWorker.java:53)
at org.testng.SuiteRunnerWorker.run(SuiteRunnerWorker.java:96)
at org.testng.TestNG.runSuitesSequentially(TestNG.java:1212)
at org.testng.TestNG.runSuitesLocally(TestNG.java:1134)
at org.testng.TestNG.runSuites(TestNG.java:1063)
at org.testng.TestNG.run(TestNG.java:1031)
at org.apache.maven.surefire.testng.TestNGExecutor.run(TestNGExecutor.java:295)
at org.apache.maven.surefire.testng.TestNGXmlTestSuite.execute(TestNGXmlTestSuite.java:84)
at org.apache.maven.surefire.testng.TestNGProvider.invoke(TestNGProvider.java:90)
at org.apache.maven.surefire.booter.ForkedBooter.invokeProviderInSameClassLoader(ForkedBooter.java:203)
at org.apache.maven.surefire.booter.ForkedBooter.runSuitesInProcess(ForkedBooter.java:155)
at org.apache.maven.surefire.booter.ForkedBooter.main(ForkedBooter.java:103)
]]>
            </full-stacktrace>
          </exception> <!-- org.testng.SkipException -->
          <reporter-output>
          </reporter-output>
        </test-method> <!-- getTestCaseName -->
        <test-method is-config="true" signature="CloseBrowser()[pri:0, instance:com.companyname.projectname.module.testcases.RegisterUser3@687e99d8]" started-at="2024-07-18T00:21:35 BST" name="CloseBrowser" finished-at="1970-01-01T01:00:00 GMT" duration-ms="-1721258495362" status="SKIP">
          <reporter-output>
          </reporter-output>
        </test-method> <!-- CloseBrowser -->
        <test-method signature="registerUser3(java.util.Hashtable)[pri:0, instance:com.companyname.projectname.module.testcases.RegisterUser3@687e99d8]" started-at="2024-07-18T00:21:35 BST" name="registerUser3" data-provider="data_Collection" finished-at="2024-07-18T00:21:35 BST" duration-ms="0" status="SKIP">
          <params>
            <param index="0">
              <value>
                <![CDATA[{DDB_Day=20, SignupText=New User Signup!, EnterAcctInfo=ENTER ACCOUNT INFORMATION, Name=Shital, DDB_Month=March, Address=pqrst, PINCode=453674, PageTitle=Automation Exercise, DDB_Year=1995, City=Mumbai, Mobile_No=345435353, Email_Address=shital@gmail.com}]]>
              </value>
            </param>
          </params>
          <reporter-output>
          </reporter-output>
        </test-method> <!-- registerUser3 -->
      </class> <!-- com.companyname.projectname.module.testcases.RegisterUser3 -->
      <class name="com.companyname.projectname.module.testcases.RegisterUser2">
        <test-method is-config="true" signature="getTestCaseName()[pri:0, instance:com.companyname.projectname.module.testcases.RegisterUser2@757277dc]" started-at="2024-07-18T00:21:20 BST" name="getTestCaseName" finished-at="2024-07-18T00:21:20 BST" duration-ms="0" status="PASS">
          <reporter-output>
          </reporter-output>
        </test-method> <!-- getTestCaseName -->
        <test-method is-config="true" signature="launchBrowser()[pri:0, instance:com.companyname.projectname.module.testcases.RegisterUser2@757277dc]" started-at="2024-07-18T00:21:20 BST" name="launchBrowser" finished-at="2024-07-18T00:21:23 BST" duration-ms="3446" status="PASS">
          <reporter-output>
          </reporter-output>
        </test-method> <!-- launchBrowser -->
        <test-method signature="registerUser2(java.util.Hashtable)[pri:0, instance:com.companyname.projectname.module.testcases.RegisterUser2@757277dc]" started-at="2024-07-18T00:21:23 BST" name="registerUser2" data-provider="data_Collection" finished-at="2024-07-18T00:21:31 BST" duration-ms="8331" status="PASS">
          <params>
            <param index="0">
              <value>
                <![CDATA[{DDB_Day=15, SignupText=New User Signup!, EnterAcctInfo=ENTER ACCOUNT INFORMATION, Name=Akshay, DDB_Month=June, Address=xyz, PINCode=453674, PageTitle=Automation Exercise, DDB_Year=1990, City=Kolhapur, Mobile_No=78464647, SignUpPageTitle=Automation Exercise - Signup / Login, Email_Address=Akshay@test.com}]]>
              </value>
            </param>
          </params>
          <reporter-output>
          </reporter-output>
        </test-method> <!-- registerUser2 -->
        <test-method is-config="true" signature="CloseBrowser()[pri:0, instance:com.companyname.projectname.module.testcases.RegisterUser2@757277dc]" started-at="2024-07-18T00:21:31 BST" name="CloseBrowser" finished-at="2024-07-18T00:21:35 BST" duration-ms="3393" status="PASS">
          <reporter-output>
          </reporter-output>
        </test-method> <!-- CloseBrowser -->
      </class> <!-- com.companyname.projectname.module.testcases.RegisterUser2 -->
    </test> <!-- Test -->
  </suite> <!-- Regression Suite -->
</testng-results>
